<?xml version="1.0" encoding="UTF-8"?>
<testsuite xmlns:xsi="http://www.w3.org/2001/XMLSchema-instance" xsi:noNamespaceSchemaLocation="https://maven.apache.org/surefire/maven-surefire-plugin/xsd/surefire-test-report-3.0.xsd" version="3.0" name="com.example.BookTest" time="0.005" tests="12" errors="0" skipped="0" failures="0">
  <properties>
    <property name="java.specification.version" value="17"/>
    <property name="sun.jnu.encoding" value="UTF-8"/>
    <property name="java.class.path" value="/Users/bonnieli/Organizer/target/test-classes:/Users/bonnieli/.m2/repository/org/openjfx/javafx-controls/17.0.6/javafx-controls-17.0.6.jar:/Users/bonnieli/.m2/repository/org/openjfx/javafx-graphics/17.0.6/javafx-graphics-17.0.6.jar:/Users/bonnieli/.m2/repository/org/openjfx/javafx-base/17.0.6/javafx-base-17.0.6.jar:/Users/bonnieli/.m2/repository/org/openjfx/javafx-fxml/17.0.6/javafx-fxml-17.0.6.jar:/Users/bonnieli/.m2/repository/org/junit/jupiter/junit-jupiter-api/5.10.0/junit-jupiter-api-5.10.0.jar:/Users/bonnieli/.m2/repository/org/opentest4j/opentest4j/1.3.0/opentest4j-1.3.0.jar:/Users/bonnieli/.m2/repository/org/junit/platform/junit-platform-commons/1.10.0/junit-platform-commons-1.10.0.jar:/Users/bonnieli/.m2/repository/org/apiguardian/apiguardian-api/1.1.2/apiguardian-api-1.1.2.jar:/Users/bonnieli/.m2/repository/org/junit/jupiter/junit-jupiter-engine/5.10.0/junit-jupiter-engine-5.10.0.jar:/Users/bonnieli/.m2/repository/org/junit/platform/junit-platform-engine/1.10.0/junit-platform-engine-1.10.0.jar:/Users/bonnieli/.m2/repository/org/xerial/sqlite-jdbc/3.36.0.3/sqlite-jdbc-3.36.0.3.jar:/Users/bonnieli/.m2/repository/org/apache/maven/plugins/maven-javadoc-plugin/3.0.1/maven-javadoc-plugin-3.0.1.jar:/Users/bonnieli/.m2/repository/org/apache/maven/maven-core/3.0/maven-core-3.0.jar:/Users/bonnieli/.m2/repository/org/apache/maven/maven-settings-builder/3.0/maven-settings-builder-3.0.jar:/Users/bonnieli/.m2/repository/org/apache/maven/maven-repository-metadata/3.0/maven-repository-metadata-3.0.jar:/Users/bonnieli/.m2/repository/org/apache/maven/maven-model-builder/3.0/maven-model-builder-3.0.jar:/Users/bonnieli/.m2/repository/org/apache/maven/maven-aether-provider/3.0/maven-aether-provider-3.0.jar:/Users/bonnieli/.m2/repository/org/sonatype/aether/aether-impl/1.7/aether-impl-1.7.jar:/Users/bonnieli/.m2/repository/org/sonatype/aether/aether-spi/1.7/aether-spi-1.7.jar:/Users/bonnieli/.m2/repository/org/sonatype/aether/aether-api/1.7/aether-api-1.7.jar:/Users/bonnieli/.m2/repository/org/sonatype/aether/aether-util/1.7/aether-util-1.7.jar:/Users/bonnieli/.m2/repository/org/sonatype/sisu/sisu-inject-plexus/1.4.2/sisu-inject-plexus-1.4.2.jar:/Users/bonnieli/.m2/repository/org/sonatype/sisu/sisu-inject-bean/1.4.2/sisu-inject-bean-1.4.2.jar:/Users/bonnieli/.m2/repository/org/sonatype/sisu/sisu-guice/2.1.7/sisu-guice-2.1.7-noaop.jar:/Users/bonnieli/.m2/repository/org/codehaus/plexus/plexus-interpolation/1.14/plexus-interpolation-1.14.jar:/Users/bonnieli/.m2/repository/org/codehaus/plexus/plexus-classworlds/2.2.3/plexus-classworlds-2.2.3.jar:/Users/bonnieli/.m2/repository/org/codehaus/plexus/plexus-component-annotations/1.5.5/plexus-component-annotations-1.5.5.jar:/Users/bonnieli/.m2/repository/org/sonatype/plexus/plexus-sec-dispatcher/1.3/plexus-sec-dispatcher-1.3.jar:/Users/bonnieli/.m2/repository/org/sonatype/plexus/plexus-cipher/1.4/plexus-cipher-1.4.jar:/Users/bonnieli/.m2/repository/org/apache/maven/maven-model/3.0/maven-model-3.0.jar:/Users/bonnieli/.m2/repository/org/apache/maven/maven-settings/3.0/maven-settings-3.0.jar:/Users/bonnieli/.m2/repository/org/apache/maven/maven-plugin-api/3.0/maven-plugin-api-3.0.jar:/Users/bonnieli/.m2/repository/org/apache/maven/maven-artifact/3.0/maven-artifact-3.0.jar:/Users/bonnieli/.m2/repository/org/apache/maven/reporting/maven-reporting-api/3.0/maven-reporting-api-3.0.jar:/Users/bonnieli/.m2/repository/org/apache/maven/maven-archiver/3.2.0/maven-archiver-3.2.0.jar:/Users/bonnieli/.m2/repository/org/apache/maven/shared/maven-shared-utils/3.2.0/maven-shared-utils-3.2.0.jar:/Users/bonnieli/.m2/repository/org/apache/maven/shared/maven-invoker/3.0.0/maven-invoker-3.0.0.jar:/Users/bonnieli/.m2/repository/org/apache/maven/shared/maven-common-artifact-filters/3.0.0/maven-common-artifact-filters-3.0.0.jar:/Users/bonnieli/.m2/repository/org/apache/maven/shared/maven-artifact-transfer/0.9.1/maven-artifact-transfer-0.9.1.jar:/Users/bonnieli/.m2/repository/commons-codec/commons-codec/1.6/commons-codec-1.6.jar:/Users/bonnieli/.m2/repository/org/slf4j/slf4j-api/1.7.5/slf4j-api-1.7.5.jar:/Users/bonnieli/.m2/repository/org/apache/maven/doxia/doxia-sink-api/1.7/doxia-sink-api-1.7.jar:/Users/bonnieli/.m2/repository/org/apache/maven/doxia/doxia-logging-api/1.7/doxia-logging-api-1.7.jar:/Users/bonnieli/.m2/repository/org/apache/maven/doxia/doxia-site-renderer/1.7.4/doxia-site-renderer-1.7.4.jar:/Users/bonnieli/.m2/repository/org/apache/maven/doxia/doxia-core/1.7/doxia-core-1.7.jar:/Users/bonnieli/.m2/repository/xmlunit/xmlunit/1.5/xmlunit-1.5.jar:/Users/bonnieli/.m2/repository/org/apache/maven/doxia/doxia-decoration-model/1.7.4/doxia-decoration-model-1.7.4.jar:/Users/bonnieli/.m2/repository/org/apache/maven/doxia/doxia-skin-model/1.7.4/doxia-skin-model-1.7.4.jar:/Users/bonnieli/.m2/repository/org/apache/maven/doxia/doxia-module-xhtml/1.7/doxia-module-xhtml-1.7.jar:/Users/bonnieli/.m2/repository/org/codehaus/plexus/plexus-i18n/1.0-beta-7/plexus-i18n-1.0-beta-7.jar:/Users/bonnieli/.m2/repository/org/codehaus/plexus/plexus-container-default/1.0-alpha-30/plexus-container-default-1.0-alpha-30.jar:/Users/bonnieli/.m2/repository/junit/junit/3.8.1/junit-3.8.1.jar:/Users/bonnieli/.m2/repository/org/codehaus/plexus/plexus-velocity/1.2/plexus-velocity-1.2.jar:/Users/bonnieli/.m2/repository/org/apache/velocity/velocity/1.7/velocity-1.7.jar:/Users/bonnieli/.m2/repository/org/apache/velocity/velocity-tools/2.0/velocity-tools-2.0.jar:/Users/bonnieli/.m2/repository/commons-beanutils/commons-beanutils/1.7.0/commons-beanutils-1.7.0.jar:/Users/bonnieli/.m2/repository/commons-digester/commons-digester/1.8/commons-digester-1.8.jar:/Users/bonnieli/.m2/repository/commons-chain/commons-chain/1.1/commons-chain-1.1.jar:/Users/bonnieli/.m2/repository/commons-validator/commons-validator/1.3.1/commons-validator-1.3.1.jar:/Users/bonnieli/.m2/repository/dom4j/dom4j/1.1/dom4j-1.1.jar:/Users/bonnieli/.m2/repository/oro/oro/2.0.8/oro-2.0.8.jar:/Users/bonnieli/.m2/repository/sslext/sslext/1.2-0/sslext-1.2-0.jar:/Users/bonnieli/.m2/repository/org/apache/struts/struts-core/1.3.8/struts-core-1.3.8.jar:/Users/bonnieli/.m2/repository/antlr/antlr/2.7.2/antlr-2.7.2.jar:/Users/bonnieli/.m2/repository/org/apache/struts/struts-taglib/1.3.8/struts-taglib-1.3.8.jar:/Users/bonnieli/.m2/repository/org/apache/struts/struts-tiles/1.3.8/struts-tiles-1.3.8.jar:/Users/bonnieli/.m2/repository/commons-collections/commons-collections/3.2.1/commons-collections-3.2.1.jar:/Users/bonnieli/.m2/repository/commons-lang/commons-lang/2.4/commons-lang-2.4.jar:/Users/bonnieli/.m2/repository/org/apache/maven/wagon/wagon-provider-api/1.0-beta-6/wagon-provider-api-1.0-beta-6.jar:/Users/bonnieli/.m2/repository/org/apache/commons/commons-lang3/3.5/commons-lang3-3.5.jar:/Users/bonnieli/.m2/repository/commons-io/commons-io/2.5/commons-io-2.5.jar:/Users/bonnieli/.m2/repository/org/apache/httpcomponents/httpclient/4.5.2/httpclient-4.5.2.jar:/Users/bonnieli/.m2/repository/org/apache/httpcomponents/httpcore/4.4.4/httpcore-4.4.4.jar:/Users/bonnieli/.m2/repository/commons-logging/commons-logging/1.2/commons-logging-1.2.jar:/Users/bonnieli/.m2/repository/com/thoughtworks/qdox/qdox/2.0-M7/qdox-2.0-M7.jar:/Users/bonnieli/.m2/repository/org/codehaus/plexus/plexus-java/0.9.8/plexus-java-0.9.8.jar:/Users/bonnieli/.m2/repository/org/ow2/asm/asm/6.1.1/asm-6.1.1.jar:/Users/bonnieli/.m2/repository/org/codehaus/plexus/plexus-archiver/3.6.0/plexus-archiver-3.6.0.jar:/Users/bonnieli/.m2/repository/org/codehaus/plexus/plexus-io/3.0.1/plexus-io-3.0.1.jar:/Users/bonnieli/.m2/repository/org/apache/commons/commons-compress/1.16.1/commons-compress-1.16.1.jar:/Users/bonnieli/.m2/repository/org/objenesis/objenesis/2.6/objenesis-2.6.jar:/Users/bonnieli/.m2/repository/org/iq80/snappy/snappy/0.4/snappy-0.4.jar:/Users/bonnieli/.m2/repository/org/tukaani/xz/1.8/xz-1.8.jar:/Users/bonnieli/.m2/repository/org/codehaus/plexus/plexus-utils/3.0.24/plexus-utils-3.0.24.jar:/Users/bonnieli/.m2/repository/org/codehaus/plexus/plexus-interactivity-api/1.0-alpha-6/plexus-interactivity-api-1.0-alpha-6.jar:"/>
    <property name="java.vm.vendor" value="Amazon.com Inc."/>
    <property name="sun.arch.data.model" value="64"/>
    <property name="java.vendor.url" value="https://aws.amazon.com/corretto/"/>
    <property name="os.name" value="Mac OS X"/>
    <property name="java.vm.specification.version" value="17"/>
    <property name="sun.java.launcher" value="SUN_STANDARD"/>
    <property name="user.country" value="AU"/>
    <property name="sun.boot.library.path" value="/Library/Java/JavaVirtualMachines/amazon-corretto-17.jdk/Contents/Home/lib"/>
    <property name="sun.java.command" value="org.apache.maven.surefire.booter.ForkedBooter /Users/bonnieli/Organizer/target/surefire 2024-10-08T18-18-47_160-jvmRun1 surefire-20241008181849533_1tmp surefire_0-20241008181849533_2tmp"/>
    <property name="http.nonProxyHosts" value="local|*.local|169.254/16|*.169.254/16"/>
    <property name="jdk.debug" value="release"/>
    <property name="surefire.test.class.path" value="/Users/bonnieli/Organizer/target/test-classes:/Users/bonnieli/.m2/repository/org/openjfx/javafx-controls/17.0.6/javafx-controls-17.0.6.jar:/Users/bonnieli/.m2/repository/org/openjfx/javafx-graphics/17.0.6/javafx-graphics-17.0.6.jar:/Users/bonnieli/.m2/repository/org/openjfx/javafx-base/17.0.6/javafx-base-17.0.6.jar:/Users/bonnieli/.m2/repository/org/openjfx/javafx-fxml/17.0.6/javafx-fxml-17.0.6.jar:/Users/bonnieli/.m2/repository/org/junit/jupiter/junit-jupiter-api/5.10.0/junit-jupiter-api-5.10.0.jar:/Users/bonnieli/.m2/repository/org/opentest4j/opentest4j/1.3.0/opentest4j-1.3.0.jar:/Users/bonnieli/.m2/repository/org/junit/platform/junit-platform-commons/1.10.0/junit-platform-commons-1.10.0.jar:/Users/bonnieli/.m2/repository/org/apiguardian/apiguardian-api/1.1.2/apiguardian-api-1.1.2.jar:/Users/bonnieli/.m2/repository/org/junit/jupiter/junit-jupiter-engine/5.10.0/junit-jupiter-engine-5.10.0.jar:/Users/bonnieli/.m2/repository/org/junit/platform/junit-platform-engine/1.10.0/junit-platform-engine-1.10.0.jar:/Users/bonnieli/.m2/repository/org/xerial/sqlite-jdbc/3.36.0.3/sqlite-jdbc-3.36.0.3.jar:/Users/bonnieli/.m2/repository/org/apache/maven/plugins/maven-javadoc-plugin/3.0.1/maven-javadoc-plugin-3.0.1.jar:/Users/bonnieli/.m2/repository/org/apache/maven/maven-core/3.0/maven-core-3.0.jar:/Users/bonnieli/.m2/repository/org/apache/maven/maven-settings-builder/3.0/maven-settings-builder-3.0.jar:/Users/bonnieli/.m2/repository/org/apache/maven/maven-repository-metadata/3.0/maven-repository-metadata-3.0.jar:/Users/bonnieli/.m2/repository/org/apache/maven/maven-model-builder/3.0/maven-model-builder-3.0.jar:/Users/bonnieli/.m2/repository/org/apache/maven/maven-aether-provider/3.0/maven-aether-provider-3.0.jar:/Users/bonnieli/.m2/repository/org/sonatype/aether/aether-impl/1.7/aether-impl-1.7.jar:/Users/bonnieli/.m2/repository/org/sonatype/aether/aether-spi/1.7/aether-spi-1.7.jar:/Users/bonnieli/.m2/repository/org/sonatype/aether/aether-api/1.7/aether-api-1.7.jar:/Users/bonnieli/.m2/repository/org/sonatype/aether/aether-util/1.7/aether-util-1.7.jar:/Users/bonnieli/.m2/repository/org/sonatype/sisu/sisu-inject-plexus/1.4.2/sisu-inject-plexus-1.4.2.jar:/Users/bonnieli/.m2/repository/org/sonatype/sisu/sisu-inject-bean/1.4.2/sisu-inject-bean-1.4.2.jar:/Users/bonnieli/.m2/repository/org/sonatype/sisu/sisu-guice/2.1.7/sisu-guice-2.1.7-noaop.jar:/Users/bonnieli/.m2/repository/org/codehaus/plexus/plexus-interpolation/1.14/plexus-interpolation-1.14.jar:/Users/bonnieli/.m2/repository/org/codehaus/plexus/plexus-classworlds/2.2.3/plexus-classworlds-2.2.3.jar:/Users/bonnieli/.m2/repository/org/codehaus/plexus/plexus-component-annotations/1.5.5/plexus-component-annotations-1.5.5.jar:/Users/bonnieli/.m2/repository/org/sonatype/plexus/plexus-sec-dispatcher/1.3/plexus-sec-dispatcher-1.3.jar:/Users/bonnieli/.m2/repository/org/sonatype/plexus/plexus-cipher/1.4/plexus-cipher-1.4.jar:/Users/bonnieli/.m2/repository/org/apache/maven/maven-model/3.0/maven-model-3.0.jar:/Users/bonnieli/.m2/repository/org/apache/maven/maven-settings/3.0/maven-settings-3.0.jar:/Users/bonnieli/.m2/repository/org/apache/maven/maven-plugin-api/3.0/maven-plugin-api-3.0.jar:/Users/bonnieli/.m2/repository/org/apache/maven/maven-artifact/3.0/maven-artifact-3.0.jar:/Users/bonnieli/.m2/repository/org/apache/maven/reporting/maven-reporting-api/3.0/maven-reporting-api-3.0.jar:/Users/bonnieli/.m2/repository/org/apache/maven/maven-archiver/3.2.0/maven-archiver-3.2.0.jar:/Users/bonnieli/.m2/repository/org/apache/maven/shared/maven-shared-utils/3.2.0/maven-shared-utils-3.2.0.jar:/Users/bonnieli/.m2/repository/org/apache/maven/shared/maven-invoker/3.0.0/maven-invoker-3.0.0.jar:/Users/bonnieli/.m2/repository/org/apache/maven/shared/maven-common-artifact-filters/3.0.0/maven-common-artifact-filters-3.0.0.jar:/Users/bonnieli/.m2/repository/org/apache/maven/shared/maven-artifact-transfer/0.9.1/maven-artifact-transfer-0.9.1.jar:/Users/bonnieli/.m2/repository/commons-codec/commons-codec/1.6/commons-codec-1.6.jar:/Users/bonnieli/.m2/repository/org/slf4j/slf4j-api/1.7.5/slf4j-api-1.7.5.jar:/Users/bonnieli/.m2/repository/org/apache/maven/doxia/doxia-sink-api/1.7/doxia-sink-api-1.7.jar:/Users/bonnieli/.m2/repository/org/apache/maven/doxia/doxia-logging-api/1.7/doxia-logging-api-1.7.jar:/Users/bonnieli/.m2/repository/org/apache/maven/doxia/doxia-site-renderer/1.7.4/doxia-site-renderer-1.7.4.jar:/Users/bonnieli/.m2/repository/org/apache/maven/doxia/doxia-core/1.7/doxia-core-1.7.jar:/Users/bonnieli/.m2/repository/xmlunit/xmlunit/1.5/xmlunit-1.5.jar:/Users/bonnieli/.m2/repository/org/apache/maven/doxia/doxia-decoration-model/1.7.4/doxia-decoration-model-1.7.4.jar:/Users/bonnieli/.m2/repository/org/apache/maven/doxia/doxia-skin-model/1.7.4/doxia-skin-model-1.7.4.jar:/Users/bonnieli/.m2/repository/org/apache/maven/doxia/doxia-module-xhtml/1.7/doxia-module-xhtml-1.7.jar:/Users/bonnieli/.m2/repository/org/codehaus/plexus/plexus-i18n/1.0-beta-7/plexus-i18n-1.0-beta-7.jar:/Users/bonnieli/.m2/repository/org/codehaus/plexus/plexus-container-default/1.0-alpha-30/plexus-container-default-1.0-alpha-30.jar:/Users/bonnieli/.m2/repository/junit/junit/3.8.1/junit-3.8.1.jar:/Users/bonnieli/.m2/repository/org/codehaus/plexus/plexus-velocity/1.2/plexus-velocity-1.2.jar:/Users/bonnieli/.m2/repository/org/apache/velocity/velocity/1.7/velocity-1.7.jar:/Users/bonnieli/.m2/repository/org/apache/velocity/velocity-tools/2.0/velocity-tools-2.0.jar:/Users/bonnieli/.m2/repository/commons-beanutils/commons-beanutils/1.7.0/commons-beanutils-1.7.0.jar:/Users/bonnieli/.m2/repository/commons-digester/commons-digester/1.8/commons-digester-1.8.jar:/Users/bonnieli/.m2/repository/commons-chain/commons-chain/1.1/commons-chain-1.1.jar:/Users/bonnieli/.m2/repository/commons-validator/commons-validator/1.3.1/commons-validator-1.3.1.jar:/Users/bonnieli/.m2/repository/dom4j/dom4j/1.1/dom4j-1.1.jar:/Users/bonnieli/.m2/repository/oro/oro/2.0.8/oro-2.0.8.jar:/Users/bonnieli/.m2/repository/sslext/sslext/1.2-0/sslext-1.2-0.jar:/Users/bonnieli/.m2/repository/org/apache/struts/struts-core/1.3.8/struts-core-1.3.8.jar:/Users/bonnieli/.m2/repository/antlr/antlr/2.7.2/antlr-2.7.2.jar:/Users/bonnieli/.m2/repository/org/apache/struts/struts-taglib/1.3.8/struts-taglib-1.3.8.jar:/Users/bonnieli/.m2/repository/org/apache/struts/struts-tiles/1.3.8/struts-tiles-1.3.8.jar:/Users/bonnieli/.m2/repository/commons-collections/commons-collections/3.2.1/commons-collections-3.2.1.jar:/Users/bonnieli/.m2/repository/commons-lang/commons-lang/2.4/commons-lang-2.4.jar:/Users/bonnieli/.m2/repository/org/apache/maven/wagon/wagon-provider-api/1.0-beta-6/wagon-provider-api-1.0-beta-6.jar:/Users/bonnieli/.m2/repository/org/apache/commons/commons-lang3/3.5/commons-lang3-3.5.jar:/Users/bonnieli/.m2/repository/commons-io/commons-io/2.5/commons-io-2.5.jar:/Users/bonnieli/.m2/repository/org/apache/httpcomponents/httpclient/4.5.2/httpclient-4.5.2.jar:/Users/bonnieli/.m2/repository/org/apache/httpcomponents/httpcore/4.4.4/httpcore-4.4.4.jar:/Users/bonnieli/.m2/repository/commons-logging/commons-logging/1.2/commons-logging-1.2.jar:/Users/bonnieli/.m2/repository/com/thoughtworks/qdox/qdox/2.0-M7/qdox-2.0-M7.jar:/Users/bonnieli/.m2/repository/org/codehaus/plexus/plexus-java/0.9.8/plexus-java-0.9.8.jar:/Users/bonnieli/.m2/repository/org/ow2/asm/asm/6.1.1/asm-6.1.1.jar:/Users/bonnieli/.m2/repository/org/codehaus/plexus/plexus-archiver/3.6.0/plexus-archiver-3.6.0.jar:/Users/bonnieli/.m2/repository/org/codehaus/plexus/plexus-io/3.0.1/plexus-io-3.0.1.jar:/Users/bonnieli/.m2/repository/org/apache/commons/commons-compress/1.16.1/commons-compress-1.16.1.jar:/Users/bonnieli/.m2/repository/org/objenesis/objenesis/2.6/objenesis-2.6.jar:/Users/bonnieli/.m2/repository/org/iq80/snappy/snappy/0.4/snappy-0.4.jar:/Users/bonnieli/.m2/repository/org/tukaani/xz/1.8/xz-1.8.jar:/Users/bonnieli/.m2/repository/org/codehaus/plexus/plexus-utils/3.0.24/plexus-utils-3.0.24.jar:/Users/bonnieli/.m2/repository/org/codehaus/plexus/plexus-interactivity-api/1.0-alpha-6/plexus-interactivity-api-1.0-alpha-6.jar:"/>
    <property name="sun.cpu.endian" value="little"/>
    <property name="user.home" value="/Users/bonnieli"/>
    <property name="user.language" value="en"/>
    <property name="java.specification.vendor" value="Oracle Corporation"/>
    <property name="jdk.module.path" value="/Users/bonnieli/Organizer/target/classes:/Users/bonnieli/.m2/repository/org/openjfx/javafx-controls/17.0.6/javafx-controls-17.0.6-mac-aarch64.jar:/Users/bonnieli/.m2/repository/org/openjfx/javafx-graphics/17.0.6/javafx-graphics-17.0.6-mac-aarch64.jar:/Users/bonnieli/.m2/repository/org/openjfx/javafx-base/17.0.6/javafx-base-17.0.6-mac-aarch64.jar:/Users/bonnieli/.m2/repository/org/openjfx/javafx-fxml/17.0.6/javafx-fxml-17.0.6-mac-aarch64.jar:/Users/bonnieli/.m2/repository/org/controlsfx/controlsfx/11.2.1/controlsfx-11.2.1.jar"/>
    <property name="java.version.date" value="2023-01-17"/>
    <property name="java.home" value="/Library/Java/JavaVirtualMachines/amazon-corretto-17.jdk/Contents/Home"/>
    <property name="file.separator" value="/"/>
    <property name="basedir" value="/Users/bonnieli/Organizer"/>
    <property name="java.vm.compressedOopsMode" value="Zero based"/>
    <property name="line.separator" value="&#10;"/>
    <property name="java.vm.specification.vendor" value="Oracle Corporation"/>
    <property name="java.specification.name" value="Java Platform API Specification"/>
    <property name="surefire.real.class.path" value="/Users/bonnieli/.m2/repository/org/apache/maven/surefire/surefire-booter/3.0.0-M7/surefire-booter-3.0.0-M7.jar:/Users/bonnieli/.m2/repository/org/apache/maven/surefire/surefire-api/3.0.0-M7/surefire-api-3.0.0-M7.jar:/Users/bonnieli/.m2/repository/org/apache/maven/surefire/surefire-logger-api/3.0.0-M7/surefire-logger-api-3.0.0-M7.jar:/Users/bonnieli/.m2/repository/org/apache/maven/surefire/surefire-shared-utils/3.0.0-M7/surefire-shared-utils-3.0.0-M7.jar:/Users/bonnieli/.m2/repository/org/apache/maven/surefire/surefire-extensions-spi/3.0.0-M7/surefire-extensions-spi-3.0.0-M7.jar:/Users/bonnieli/Organizer/target/test-classes:/Users/bonnieli/.m2/repository/org/openjfx/javafx-controls/17.0.6/javafx-controls-17.0.6.jar:/Users/bonnieli/.m2/repository/org/openjfx/javafx-graphics/17.0.6/javafx-graphics-17.0.6.jar:/Users/bonnieli/.m2/repository/org/openjfx/javafx-base/17.0.6/javafx-base-17.0.6.jar:/Users/bonnieli/.m2/repository/org/openjfx/javafx-fxml/17.0.6/javafx-fxml-17.0.6.jar:/Users/bonnieli/.m2/repository/org/junit/jupiter/junit-jupiter-api/5.10.0/junit-jupiter-api-5.10.0.jar:/Users/bonnieli/.m2/repository/org/opentest4j/opentest4j/1.3.0/opentest4j-1.3.0.jar:/Users/bonnieli/.m2/repository/org/junit/platform/junit-platform-commons/1.10.0/junit-platform-commons-1.10.0.jar:/Users/bonnieli/.m2/repository/org/apiguardian/apiguardian-api/1.1.2/apiguardian-api-1.1.2.jar:/Users/bonnieli/.m2/repository/org/junit/jupiter/junit-jupiter-engine/5.10.0/junit-jupiter-engine-5.10.0.jar:/Users/bonnieli/.m2/repository/org/junit/platform/junit-platform-engine/1.10.0/junit-platform-engine-1.10.0.jar:/Users/bonnieli/.m2/repository/org/xerial/sqlite-jdbc/3.36.0.3/sqlite-jdbc-3.36.0.3.jar:/Users/bonnieli/.m2/repository/org/apache/maven/plugins/maven-javadoc-plugin/3.0.1/maven-javadoc-plugin-3.0.1.jar:/Users/bonnieli/.m2/repository/org/apache/maven/maven-core/3.0/maven-core-3.0.jar:/Users/bonnieli/.m2/repository/org/apache/maven/maven-settings-builder/3.0/maven-settings-builder-3.0.jar:/Users/bonnieli/.m2/repository/org/apache/maven/maven-repository-metadata/3.0/maven-repository-metadata-3.0.jar:/Users/bonnieli/.m2/repository/org/apache/maven/maven-model-builder/3.0/maven-model-builder-3.0.jar:/Users/bonnieli/.m2/repository/org/apache/maven/maven-aether-provider/3.0/maven-aether-provider-3.0.jar:/Users/bonnieli/.m2/repository/org/sonatype/aether/aether-impl/1.7/aether-impl-1.7.jar:/Users/bonnieli/.m2/repository/org/sonatype/aether/aether-spi/1.7/aether-spi-1.7.jar:/Users/bonnieli/.m2/repository/org/sonatype/aether/aether-api/1.7/aether-api-1.7.jar:/Users/bonnieli/.m2/repository/org/sonatype/aether/aether-util/1.7/aether-util-1.7.jar:/Users/bonnieli/.m2/repository/org/sonatype/sisu/sisu-inject-plexus/1.4.2/sisu-inject-plexus-1.4.2.jar:/Users/bonnieli/.m2/repository/org/sonatype/sisu/sisu-inject-bean/1.4.2/sisu-inject-bean-1.4.2.jar:/Users/bonnieli/.m2/repository/org/sonatype/sisu/sisu-guice/2.1.7/sisu-guice-2.1.7-noaop.jar:/Users/bonnieli/.m2/repository/org/codehaus/plexus/plexus-interpolation/1.14/plexus-interpolation-1.14.jar:/Users/bonnieli/.m2/repository/org/codehaus/plexus/plexus-classworlds/2.2.3/plexus-classworlds-2.2.3.jar:/Users/bonnieli/.m2/repository/org/codehaus/plexus/plexus-component-annotations/1.5.5/plexus-component-annotations-1.5.5.jar:/Users/bonnieli/.m2/repository/org/sonatype/plexus/plexus-sec-dispatcher/1.3/plexus-sec-dispatcher-1.3.jar:/Users/bonnieli/.m2/repository/org/sonatype/plexus/plexus-cipher/1.4/plexus-cipher-1.4.jar:/Users/bonnieli/.m2/repository/org/apache/maven/maven-model/3.0/maven-model-3.0.jar:/Users/bonnieli/.m2/repository/org/apache/maven/maven-settings/3.0/maven-settings-3.0.jar:/Users/bonnieli/.m2/repository/org/apache/maven/maven-plugin-api/3.0/maven-plugin-api-3.0.jar:/Users/bonnieli/.m2/repository/org/apache/maven/maven-artifact/3.0/maven-artifact-3.0.jar:/Users/bonnieli/.m2/repository/org/apache/maven/reporting/maven-reporting-api/3.0/maven-reporting-api-3.0.jar:/Users/bonnieli/.m2/repository/org/apache/maven/maven-archiver/3.2.0/maven-archiver-3.2.0.jar:/Users/bonnieli/.m2/repository/org/apache/maven/shared/maven-shared-utils/3.2.0/maven-shared-utils-3.2.0.jar:/Users/bonnieli/.m2/repository/org/apache/maven/shared/maven-invoker/3.0.0/maven-invoker-3.0.0.jar:/Users/bonnieli/.m2/repository/org/apache/maven/shared/maven-common-artifact-filters/3.0.0/maven-common-artifact-filters-3.0.0.jar:/Users/bonnieli/.m2/repository/org/apache/maven/shared/maven-artifact-transfer/0.9.1/maven-artifact-transfer-0.9.1.jar:/Users/bonnieli/.m2/repository/commons-codec/commons-codec/1.6/commons-codec-1.6.jar:/Users/bonnieli/.m2/repository/org/slf4j/slf4j-api/1.7.5/slf4j-api-1.7.5.jar:/Users/bonnieli/.m2/repository/org/apache/maven/doxia/doxia-sink-api/1.7/doxia-sink-api-1.7.jar:/Users/bonnieli/.m2/repository/org/apache/maven/doxia/doxia-logging-api/1.7/doxia-logging-api-1.7.jar:/Users/bonnieli/.m2/repository/org/apache/maven/doxia/doxia-site-renderer/1.7.4/doxia-site-renderer-1.7.4.jar:/Users/bonnieli/.m2/repository/org/apache/maven/doxia/doxia-core/1.7/doxia-core-1.7.jar:/Users/bonnieli/.m2/repository/xmlunit/xmlunit/1.5/xmlunit-1.5.jar:/Users/bonnieli/.m2/repository/org/apache/maven/doxia/doxia-decoration-model/1.7.4/doxia-decoration-model-1.7.4.jar:/Users/bonnieli/.m2/repository/org/apache/maven/doxia/doxia-skin-model/1.7.4/doxia-skin-model-1.7.4.jar:/Users/bonnieli/.m2/repository/org/apache/maven/doxia/doxia-module-xhtml/1.7/doxia-module-xhtml-1.7.jar:/Users/bonnieli/.m2/repository/org/codehaus/plexus/plexus-i18n/1.0-beta-7/plexus-i18n-1.0-beta-7.jar:/Users/bonnieli/.m2/repository/org/codehaus/plexus/plexus-container-default/1.0-alpha-30/plexus-container-default-1.0-alpha-30.jar:/Users/bonnieli/.m2/repository/junit/junit/3.8.1/junit-3.8.1.jar:/Users/bonnieli/.m2/repository/org/codehaus/plexus/plexus-velocity/1.2/plexus-velocity-1.2.jar:/Users/bonnieli/.m2/repository/org/apache/velocity/velocity/1.7/velocity-1.7.jar:/Users/bonnieli/.m2/repository/org/apache/velocity/velocity-tools/2.0/velocity-tools-2.0.jar:/Users/bonnieli/.m2/repository/commons-beanutils/commons-beanutils/1.7.0/commons-beanutils-1.7.0.jar:/Users/bonnieli/.m2/repository/commons-digester/commons-digester/1.8/commons-digester-1.8.jar:/Users/bonnieli/.m2/repository/commons-chain/commons-chain/1.1/commons-chain-1.1.jar:/Users/bonnieli/.m2/repository/commons-validator/commons-validator/1.3.1/commons-validator-1.3.1.jar:/Users/bonnieli/.m2/repository/dom4j/dom4j/1.1/dom4j-1.1.jar:/Users/bonnieli/.m2/repository/oro/oro/2.0.8/oro-2.0.8.jar:/Users/bonnieli/.m2/repository/sslext/sslext/1.2-0/sslext-1.2-0.jar:/Users/bonnieli/.m2/repository/org/apache/struts/struts-core/1.3.8/struts-core-1.3.8.jar:/Users/bonnieli/.m2/repository/antlr/antlr/2.7.2/antlr-2.7.2.jar:/Users/bonnieli/.m2/repository/org/apache/struts/struts-taglib/1.3.8/struts-taglib-1.3.8.jar:/Users/bonnieli/.m2/repository/org/apache/struts/struts-tiles/1.3.8/struts-tiles-1.3.8.jar:/Users/bonnieli/.m2/repository/commons-collections/commons-collections/3.2.1/commons-collections-3.2.1.jar:/Users/bonnieli/.m2/repository/commons-lang/commons-lang/2.4/commons-lang-2.4.jar:/Users/bonnieli/.m2/repository/org/apache/maven/wagon/wagon-provider-api/1.0-beta-6/wagon-provider-api-1.0-beta-6.jar:/Users/bonnieli/.m2/repository/org/apache/commons/commons-lang3/3.5/commons-lang3-3.5.jar:/Users/bonnieli/.m2/repository/commons-io/commons-io/2.5/commons-io-2.5.jar:/Users/bonnieli/.m2/repository/org/apache/httpcomponents/httpclient/4.5.2/httpclient-4.5.2.jar:/Users/bonnieli/.m2/repository/org/apache/httpcomponents/httpcore/4.4.4/httpcore-4.4.4.jar:/Users/bonnieli/.m2/repository/commons-logging/commons-logging/1.2/commons-logging-1.2.jar:/Users/bonnieli/.m2/repository/com/thoughtworks/qdox/qdox/2.0-M7/qdox-2.0-M7.jar:/Users/bonnieli/.m2/repository/org/codehaus/plexus/plexus-java/0.9.8/plexus-java-0.9.8.jar:/Users/bonnieli/.m2/repository/org/ow2/asm/asm/6.1.1/asm-6.1.1.jar:/Users/bonnieli/.m2/repository/org/codehaus/plexus/plexus-archiver/3.6.0/plexus-archiver-3.6.0.jar:/Users/bonnieli/.m2/repository/org/codehaus/plexus/plexus-io/3.0.1/plexus-io-3.0.1.jar:/Users/bonnieli/.m2/repository/org/apache/commons/commons-compress/1.16.1/commons-compress-1.16.1.jar:/Users/bonnieli/.m2/repository/org/objenesis/objenesis/2.6/objenesis-2.6.jar:/Users/bonnieli/.m2/repository/org/iq80/snappy/snappy/0.4/snappy-0.4.jar:/Users/bonnieli/.m2/repository/org/tukaani/xz/1.8/xz-1.8.jar:/Users/bonnieli/.m2/repository/org/codehaus/plexus/plexus-utils/3.0.24/plexus-utils-3.0.24.jar:/Users/bonnieli/.m2/repository/org/codehaus/plexus/plexus-interactivity-api/1.0-alpha-6/plexus-interactivity-api-1.0-alpha-6.jar:/Users/bonnieli/.m2/repository/org/apache/maven/surefire/surefire-junit-platform/3.0.0-M7/surefire-junit-platform-3.0.0-M7.jar:/Users/bonnieli/.m2/repository/org/apache/maven/surefire/common-java5/3.0.0-M7/common-java5-3.0.0-M7.jar:/Users/bonnieli/.m2/repository/org/junit/platform/junit-platform-launcher/1.10.0/junit-platform-launcher-1.10.0.jar"/>
    <property name="sun.management.compiler" value="HotSpot 64-Bit Tiered Compilers"/>
    <property name="ftp.nonProxyHosts" value="local|*.local|169.254/16|*.169.254/16"/>
    <property name="java.runtime.version" value="17.0.6+10-LTS"/>
    <property name="user.name" value="bonnieli"/>
    <property name="path.separator" value=":"/>
    <property name="os.version" value="14.5"/>
    <property name="java.runtime.name" value="OpenJDK Runtime Environment"/>
    <property name="file.encoding" value="UTF-8"/>
    <property name="java.vm.name" value="OpenJDK 64-Bit Server VM"/>
    <property name="java.vendor.version" value="Corretto-17.0.6.10.1"/>
    <property name="localRepository" value="/Users/bonnieli/.m2/repository"/>
    <property name="java.vendor.url.bug" value="https://github.com/corretto/corretto-17/issues/"/>
    <property name="java.io.tmpdir" value="/var/folders/j1/cwfh6f1j2kgbd61w9ppj3w5m0000gn/T/"/>
    <property name="idea.version" value="2024.1.4"/>
    <property name="java.version" value="17.0.6"/>
    <property name="user.dir" value="/Users/bonnieli/Organizer"/>
    <property name="os.arch" value="aarch64"/>
    <property name="java.vm.specification.name" value="Java Virtual Machine Specification"/>
    <property name="native.encoding" value="UTF-8"/>
    <property name="java.library.path" value="/Users/bonnieli/Library/Java/Extensions:/Library/Java/Extensions:/Network/Library/Java/Extensions:/System/Library/Java/Extensions:/usr/lib/java:."/>
    <property name="java.vm.info" value="mixed mode"/>
    <property name="java.vendor" value="Amazon.com Inc."/>
    <property name="java.vm.version" value="17.0.6+10-LTS"/>
    <property name="sun.io.unicode.encoding" value="UnicodeBig"/>
    <property name="socksNonProxyHosts" value="local|*.local|169.254/16|*.169.254/16"/>
    <property name="java.class.version" value="61.0"/>
  </properties>
  <testcase name="testConstructorInvalidTitleNull" classname="com.example.BookTest" time="0"/>
  <testcase name="testGetTitle" classname="com.example.BookTest" time="0"/>
  <testcase name="testSetAuthorInvalidNull" classname="com.example.BookTest" time="0.001"/>
  <testcase name="testSetAuthorInvalidEmpty" classname="com.example.BookTest" time="0"/>
  <testcase name="testSetTitleInvalidNull" classname="com.example.BookTest" time="0"/>
  <testcase name="testSetTitleValid" classname="com.example.BookTest" time="0"/>
  <testcase name="testSetTitleInvalidEmpty" classname="com.example.BookTest" time="0"/>
  <testcase name="testConstructorInvalidTitleEmpty" classname="com.example.BookTest" time="0.001"/>
  <testcase name="testGetAuthor" classname="com.example.BookTest" time="0"/>
  <testcase name="testConstructorInvalidAuthorNull" classname="com.example.BookTest" time="0"/>
  <testcase name="testSetAuthorValid" classname="com.example.BookTest" time="0"/>
  <testcase name="testConstructorInvalidAuthorEmpty" classname="com.example.BookTest" time="0"/>
</testsuite>